<?xml version="1.0" encoding="UTF-8"?>
<testng-results ignored="0" total="1" passed="1" failed="0" skipped="0">
  <reporter-output>
  </reporter-output>
  <suite started-at="2020-12-30T11:36:43Z" name="Page Object Model with Page Factories" finished-at="2020-12-30T11:37:01Z" duration-ms="18347">
    <groups>
    </groups>
    <test started-at="2020-12-30T11:36:43Z" name="Flight Search Test" finished-at="2020-12-30T11:37:01Z" duration-ms="18347">
      <class name="com.w2a.testcases.FlightSearchTest">
        <test-method is-config="true" signature="setUp()[pri:0, instance:com.w2a.testcases.FlightSearchTest@63798ca7]" started-at="2020-12-30T17:06:43Z" name="setUp" finished-at="2020-12-30T17:06:59Z" duration-ms="16379" status="PASS">
          <reporter-output>
          </reporter-output>
        </test-method> <!-- setUp -->
        <test-method signature="flightSearchTest(java.util.Hashtable)[pri:0, instance:com.w2a.testcases.FlightSearchTest@63798ca7]" started-at="2020-12-30T17:06:59Z" name="flightSearchTest" data-provider="dp" finished-at="2020-12-30T17:06:59Z" duration-ms="49" status="PASS">
          <params>
            <param index="0">
              <value>
                <![CDATA[{toDate=14/12/2017, fromDate=12/12/17, runmode=Y, toCity=Seattle, WA, United States (SEA-Seattle - Tacoma Intl.), noOfAdults=2.0, noOfChildern=2.0, fromCity=Delhi, India (DEL-Indira Gandhi Intl.)}]]>
              </value>
            </param>
          </params>
          <reporter-output>
          </reporter-output>
        </test-method> <!-- flightSearchTest -->
        <test-method is-config="true" signature="tearDown()[pri:0, instance:com.w2a.testcases.FlightSearchTest@63798ca7]" started-at="2020-12-30T17:07:00Z" name="tearDown" finished-at="2020-12-30T17:07:01Z" duration-ms="969" status="PASS">
          <reporter-output>
          </reporter-output>
        </test-method> <!-- tearDown -->
      </class> <!-- com.w2a.testcases.FlightSearchTest -->
    </test> <!-- Flight Search Test -->
  </suite> <!-- Page Object Model with Page Factories -->
</testng-results>
